This is pdfTeX, Version 3.141592653-2.6-1.40.24 (MiKTeX 22.1) (preloaded format=pdflatex 2023.2.10)  13 MAR 2023 17:44
entering extended mode
 restricted \write18 enabled.
 file:line:error style messages enabled.
 %&-line parsing enabled.
**"/Users/Michael/Desktop/School Archives/S5 2022 Fall/Math 199/morse-theory-exposition/Exposition/Exposition.tex"
(/Users/Michael/Desktop/School Archives/S5 2022 Fall/Math 199/morse-theory-exposition/Exposition/Exposition.tex
LaTeX2e <2022-11-01> patch level 1
L3 programming layer <2023-02-02> (/Library/Application Support/MiKTeX/texmfs/install/tex/latex/base/article.cls
Document Class: article 2022/07/02 v1.4n Standard LaTeX document class
(/Library/Application Support/MiKTeX/texmfs/install/tex/latex/base/size12.clo
File: size12.clo 2022/07/02 v1.4n Standard LaTeX file (size option)
)
\c@part=\count185
\c@section=\count186
\c@subsection=\count187
\c@subsubsection=\count188
\c@paragraph=\count189
\c@subparagraph=\count190
\c@figure=\count191
\c@table=\count192
\abovecaptionskip=\skip48
\belowcaptionskip=\skip49
\bibindent=\dimen140
) (/Library/Application Support/MiKTeX/texmfs/install/tex/latex/amsmath/amsmath.sty
Package: amsmath 2022/04/08 v2.17n AMS math features
\@mathmargin=\skip50

For additional information on amsmath, use the `?' option.
(/Library/Application Support/MiKTeX/texmfs/install/tex/latex/amsmath/amstext.sty
Package: amstext 2021/08/26 v2.01 AMS text
 (/Library/Application Support/MiKTeX/texmfs/install/tex/latex/amsmath/amsgen.sty
File: amsgen.sty 1999/11/30 v2.0 generic functions
\@emptytoks=\toks16
\ex@=\dimen141
)) (/Library/Application Support/MiKTeX/texmfs/install/tex/latex/amsmath/amsbsy.sty
Package: amsbsy 1999/11/29 v1.2d Bold Symbols
\pmbraise@=\dimen142
) (/Library/Application Support/MiKTeX/texmfs/install/tex/latex/amsmath/amsopn.sty
Package: amsopn 2022/04/08 v2.04 operator names
)
\inf@bad=\count193
LaTeX Info: Redefining \frac on input line 234.
\uproot@=\count194
\leftroot@=\count195
LaTeX Info: Redefining \overline on input line 399.
LaTeX Info: Redefining \colon on input line 410.
\classnum@=\count196
\DOTSCASE@=\count197
LaTeX Info: Redefining \ldots on input line 496.
LaTeX Info: Redefining \dots on input line 499.
LaTeX Info: Redefining \cdots on input line 620.
\Mathstrutbox@=\box51
\strutbox@=\box52
LaTeX Info: Redefining \big on input line 722.
LaTeX Info: Redefining \Big on input line 723.
LaTeX Info: Redefining \bigg on input line 724.
LaTeX Info: Redefining \Bigg on input line 725.
\big@size=\dimen143
LaTeX Font Info:    Redeclaring font encoding OML on input line 743.
LaTeX Font Info:    Redeclaring font encoding OMS on input line 744.
\macc@depth=\count198
LaTeX Info: Redefining \bmod on input line 905.
LaTeX Info: Redefining \pmod on input line 910.
LaTeX Info: Redefining \smash on input line 940.
LaTeX Info: Redefining \relbar on input line 970.
LaTeX Info: Redefining \Relbar on input line 971.
\c@MaxMatrixCols=\count199
\dotsspace@=\muskip16
\c@parentequation=\count266
\dspbrk@lvl=\count267
\tag@help=\toks17
\row@=\count268
\column@=\count269
\maxfields@=\count270
\andhelp@=\toks18
\eqnshift@=\dimen144
\alignsep@=\dimen145
\tagshift@=\dimen146
\tagwidth@=\dimen147
\totwidth@=\dimen148
\lineht@=\dimen149
\@envbody=\toks19
\multlinegap=\skip51
\multlinetaggap=\skip52
\mathdisplay@stack=\toks20
LaTeX Info: Redefining \[ on input line 2953.
LaTeX Info: Redefining \] on input line 2954.
) (/Library/Application Support/MiKTeX/texmfs/install/tex/latex/amsfonts/amssymb.sty
Package: amssymb 2013/01/14 v3.01 AMS font symbols
 (/Library/Application Support/MiKTeX/texmfs/install/tex/latex/amsfonts/amsfonts.sty
Package: amsfonts 2013/01/14 v3.01 Basic AMSFonts support
\symAMSa=\mathgroup4
\symAMSb=\mathgroup5
LaTeX Font Info:    Redeclaring math symbol \hbar on input line 98.
LaTeX Font Info:    Overwriting math alphabet `\mathfrak' in version `bold'
(Font)                  U/euf/m/n --> U/euf/b/n on input line 106.
)) (/Users/Michael/Library/Application Support/MiKTeX/texmfs/install/tex/latex/amscls/amsthm.sty
Package: amsthm 2020/05/29 v2.20.6
\thm@style=\toks21
\thm@bodyfont=\toks22
\thm@headfont=\toks23
\thm@notefont=\toks24
\thm@headpunct=\toks25
\thm@preskip=\skip53
\thm@postskip=\skip54
\thm@headsep=\skip55
\dth@everypar=\toks26
) (/Library/Application Support/MiKTeX/texmfs/install/tex/latex/graphics/graphicx.sty
Package: graphicx 2021/09/16 v1.2d Enhanced LaTeX Graphics (DPC,SPQR)
 (/Library/Application Support/MiKTeX/texmfs/install/tex/latex/graphics/keyval.sty
Package: keyval 2022/05/29 v1.15 key=value parser (DPC)
\KV@toks@=\toks27
) (/Library/Application Support/MiKTeX/texmfs/install/tex/latex/graphics/graphics.sty
Package: graphics 2022/03/10 v1.4e Standard LaTeX Graphics (DPC,SPQR)
 (/Library/Application Support/MiKTeX/texmfs/install/tex/latex/graphics/trig.sty
Package: trig 2021/08/11 v1.11 sin cos tan (DPC)
) (/Library/Application Support/MiKTeX/texmfs/install/tex/latex/graphics-cfg/graphics.cfg
File: graphics.cfg 2016/06/04 v1.11 sample graphics configuration
)
Package graphics Info: Driver file: pdftex.def on input line 107.
 (/Library/Application Support/MiKTeX/texmfs/install/tex/latex/graphics-def/pdftex.def
File: pdftex.def 2022/09/22 v1.2b Graphics/color driver for pdftex
))
\Gin@req@height=\dimen150
\Gin@req@width=\dimen151
) (/Users/Michael/Library/Application Support/MiKTeX/texmfs/install/tex/latex/enumitem/enumitem.sty
Package: enumitem 2019/06/20 v3.9 Customized lists
\labelindent=\skip56
\enit@outerparindent=\dimen152
\enit@toks=\toks28
\enit@inbox=\box53
\enit@count@id=\count271
\enitdp@description=\count272
) (/Library/Application Support/MiKTeX/texmfs/install/tex/generic/babel/babel.sty
Package: babel 2022/01/23 3.85 The Babel package
\babel@savecnt=\count273
\U@D=\dimen153
\l@unhyphenated=\language79
 (/Library/Application Support/MiKTeX/texmfs/install/tex/generic/babel/txtbabel.def)
\bbl@readstream=\read2
\bbl@dirlevel=\count274

*************************************
* Local config file bblopts.cfg used
*
(/Library/Application Support/MiKTeX/texmfs/install/tex/latex/arabi/bblopts.cfg
File: bblopts.cfg 2005/09/08 v0.1 add Arabic and Farsi to "declared" options of babel
) (/Library/Application Support/MiKTeX/texmfs/install/tex/latex/babel-english/english.ldf
Language: english 2017/06/06 v3.3r English support from the babel system
Package babel Info: Hyphen rules for 'canadian' set to \l@english
(babel)             (\language0). Reported on input line 102.
Package babel Info: Hyphen rules for 'australian' set to \l@ukenglish
(babel)             (\language73). Reported on input line 105.
Package babel Info: Hyphen rules for 'newzealand' set to \l@ukenglish
(babel)             (\language73). Reported on input line 108.
)) (/Library/Application Support/MiKTeX/texmfs/install/tex/generic/babel/locale/en/babel-english.tex
Package babel Info: Importing font and identification data for english
(babel)             from babel-en.ini. Reported on input line 11.
)
\c@definition=\count275
\c@theorem=\count276
\c@lemma=\count277
\c@example=\count278
 (/Library/Application Support/MiKTeX/texmfs/install/tex/latex/l3backend/l3backend-pdftex.def
File: l3backend-pdftex.def 2023-01-16 L3 backend support: PDF output (pdfTeX)
\l__color_backend_stack_int=\count279
\l__pdf_internal_box=\box54
) (Exposition.aux)
\openout1 = `Exposition.aux'.

LaTeX Font Info:    Checking defaults for OML/cmm/m/it on input line 56.
LaTeX Font Info:    ... okay on input line 56.
LaTeX Font Info:    Checking defaults for OMS/cmsy/m/n on input line 56.
LaTeX Font Info:    ... okay on input line 56.
LaTeX Font Info:    Checking defaults for OT1/cmr/m/n on input line 56.
LaTeX Font Info:    ... okay on input line 56.
LaTeX Font Info:    Checking defaults for T1/cmr/m/n on input line 56.
LaTeX Font Info:    ... okay on input line 56.
LaTeX Font Info:    Checking defaults for TS1/cmr/m/n on input line 56.
LaTeX Font Info:    ... okay on input line 56.
LaTeX Font Info:    Checking defaults for OMX/cmex/m/n on input line 56.
LaTeX Font Info:    ... okay on input line 56.
LaTeX Font Info:    Checking defaults for U/cmr/m/n on input line 56.
LaTeX Font Info:    ... okay on input line 56.
 (/Library/Application Support/MiKTeX/texmfs/install/tex/context/base/mkii/supp-pdf.mkii
[Loading MPS to PDF converter (version 2006.09.02).]
\scratchcounter=\count280
\scratchdimen=\dimen154
\scratchbox=\box55
\nofMPsegments=\count281
\nofMParguments=\count282
\everyMPshowfont=\toks29
\MPscratchCnt=\count283
\MPscratchDim=\dimen155
\MPnumerator=\count284
\makeMPintoPDFobject=\count285
\everyMPtoPDFconversion=\toks30
) (/Library/Application Support/MiKTeX/texmfs/install/tex/latex/epstopdf-pkg/epstopdf-base.sty
Package: epstopdf-base 2020-01-24 v2.11 Base part for package epstopdf
 (/Users/Michael/Library/Application Support/MiKTeX/texmfs/install/tex/generic/infwarerr/infwarerr.sty
Package: infwarerr 2019/12/03 v1.5 Providing info/warning/error messages (HO)
) (/Users/Michael/Library/Application Support/MiKTeX/texmfs/install/tex/latex/grfext/grfext.sty
Package: grfext 2019/12/03 v1.3 Manage graphics extensions (HO)
 (/Users/Michael/Library/Application Support/MiKTeX/texmfs/install/tex/generic/kvdefinekeys/kvdefinekeys.sty
Package: kvdefinekeys 2019-12-19 v1.6 Define keys (HO)
)) (/Users/Michael/Library/Application Support/MiKTeX/texmfs/install/tex/latex/kvoptions/kvoptions.sty
Package: kvoptions 2022-06-15 v3.15 Key value format for package options (HO)
 (/Users/Michael/Library/Application Support/MiKTeX/texmfs/install/tex/generic/ltxcmds/ltxcmds.sty
Package: ltxcmds 2020-05-10 v1.25 LaTeX kernel commands for general use (HO)
) (/Users/Michael/Library/Application Support/MiKTeX/texmfs/install/tex/latex/kvsetkeys/kvsetkeys.sty
Package: kvsetkeys 2022-10-05 v1.19 Key value parser (HO)
)) (/Library/Application Support/MiKTeX/texmfs/install/tex/generic/pdftexcmds/pdftexcmds.sty
Package: pdftexcmds 2020-06-27 v0.33 Utility functions of pdfTeX for LuaTeX (HO)
 (/Library/Application Support/MiKTeX/texmfs/install/tex/generic/iftex/iftex.sty
Package: iftex 2022/02/03 v1.0f TeX engine tests
)
Package pdftexcmds Info: \pdf@primitive is available.
Package pdftexcmds Info: \pdf@ifprimitive is available.
Package pdftexcmds Info: \pdfdraftmode found.
)
Package epstopdf-base Info: Redefining graphics rule for `.eps' on input line 485.
Package grfext Info: Graphics extension search list:
(grfext)             [.pdf,.png,.jpg,.mps,.jpeg,.jbig2,.jb2,.PDF,.PNG,.JPG,.JPEG,.JBIG2,.JB2,.eps]
(grfext)             \AppendGraphicsExtensions on input line 504.
 (/Library/Application Support/MiKTeX/texmfs/install/tex/latex/00miktex/epstopdf-sys.cfg
File: epstopdf-sys.cfg 2021/03/18 v2.0 Configuration of epstopdf for MiKTeX
))
LaTeX Font Info:    Trying to load font information for U+msa on input line 59.
 (/Library/Application Support/MiKTeX/texmfs/install/tex/latex/amsfonts/umsa.fd
File: umsa.fd 2013/01/14 v3.01 AMS symbols A
)
LaTeX Font Info:    Trying to load font information for U+msb on input line 59.
 (/Library/Application Support/MiKTeX/texmfs/install/tex/latex/amsfonts/umsb.fd
File: umsb.fd 2013/01/14 v3.01 AMS symbols B
) [1

{/Users/Michael/Library/Application Support/MiKTeX/texmfs/data/fonts/map/pdftex/pdftex.map}] [2] [3] [4] [5] [6] [7]
<images//H_0.png, id=39, 459.7175pt x 385.44pt>
File: images//H_0.png Graphic file (type png)
<use images//H_0.png>
Package pdftex.def Info: images//H_0.png  used on input line 344.
(pdftex.def)             Requested size: 183.88373pt x 154.17326pt.
<images//square.png, id=41, 376.40625pt x 348.30125pt>
File: images//square.png Graphic file (type png)
<use images//square.png>
Package pdftex.def Info: images//square.png  used on input line 351.
(pdftex.def)             Requested size: 188.20265pt x 174.15019pt.
 [8 <./images//H_0.png>]
<images//D_H_1.png, id=46, 389.455pt x 200.75pt>
File: images//D_H_1.png Graphic file (type png)
<use images//D_H_1.png>
Package pdftex.def Info: images//D_H_1.png  used on input line 354.
(pdftex.def)             Requested size: 194.72702pt x 100.37474pt.
File: images//H_0.png Graphic file (type png)
<use images//H_0.png>
Package pdftex.def Info: images//H_0.png  used on input line 360.
(pdftex.def)             Requested size: 183.88373pt x 154.17326pt.
<images//D_H_0.png, id=47, 465.74pt x 374.39874pt>
File: images//D_H_0.png Graphic file (type png)
<use images//D_H_0.png>
Package pdftex.def Info: images//D_H_0.png  used on input line 363.
(pdftex.def)             Requested size: 186.2927pt x 149.75684pt.
 [9 <./images//square.png> <./images//D_H_1.png>] [10 <./images//D_H_0.png>] [11]
Overfull \hbox (1.03181pt too wide) in paragraph at lines 431--432
\OT1/cmr/bx/n/12 Theorem 8. \OT1/cmr/m/n/12 Ev-ery com-pact n-manifold $\OML/cmm/m/it/12 M$ \OT1/cmr/m/n/12 is home-o-mor-phic to a sim-pli-cial n-complex
 []

[12]
File: images//H_0.png Graphic file (type png)
<use images//H_0.png>
Package pdftex.def Info: images//H_0.png  used on input line 457.
(pdftex.def)             Requested size: 183.88373pt x 154.17326pt.
<images//triangle.png, id=63, 396.48125pt x 366.36874pt>
File: images//triangle.png Graphic file (type png)
<use images//triangle.png>
Package pdftex.def Info: images//triangle.png  used on input line 457.
(pdftex.def)             Requested size: 158.58968pt x 146.54489pt.
File: images//square.png Graphic file (type png)
<use images//square.png>
Package pdftex.def Info: images//square.png  used on input line 464.
(pdftex.def)             Requested size: 188.20265pt x 174.15019pt.
 [13 <./images//triangle.png>]
File: images//D_H_1.png Graphic file (type png)
<use images//D_H_1.png>
Package pdftex.def Info: images//D_H_1.png  used on input line 467.
(pdftex.def)             Requested size: 194.72702pt x 100.37474pt.
File: images//H_0.png Graphic file (type png)
<use images//H_0.png>
Package pdftex.def Info: images//H_0.png  used on input line 473.
(pdftex.def)             Requested size: 183.88373pt x 154.17326pt.
File: images//triangle.png Graphic file (type png)
<use images//triangle.png>
Package pdftex.def Info: images//triangle.png  used on input line 473.
(pdftex.def)             Requested size: 158.58968pt x 146.54489pt.
File: images//D_H_0.png Graphic file (type png)
<use images//D_H_0.png>
Package pdftex.def Info: images//D_H_0.png  used on input line 476.
(pdftex.def)             Requested size: 186.2927pt x 149.75684pt.
<images//perimeter.png, id=69, 399.4925pt x 370.38374pt>
File: images//perimeter.png Graphic file (type png)
<use images//perimeter.png>
Package pdftex.def Info: images//perimeter.png  used on input line 476.
(pdftex.def)             Requested size: 159.79416pt x 148.15086pt.
 [14]
<images//sim.png, id=73, 878.28125pt x 490.83376pt>
File: images//sim.png Graphic file (type png)
<use images//sim.png>
Package pdftex.def Info: images//sim.png  used on input line 493.
(pdftex.def)             Requested size: 263.4864pt x 147.25125pt.
 [15 <./images//perimeter.png>] [16 <./images//sim.png>] [17] (Exposition.aux) ) 
Here is how much of TeX's memory you used:
 4689 strings out of 476379
 78503 string characters out of 5786042
 1867346 words of memory out of 5000000
 25011 multiletter control sequences out of 15000+600000
 523253 words of font info for 74 fonts, out of 8000000 for 9000
 1141 hyphenation exceptions out of 8191
 62i,10n,67p,1741b,379s stack positions out of 10000i,1000n,20000p,200000b,200000s
</Library/Application Support/MiKTeX/texmfs/install/fonts/type1/public/amsfonts/cm/cmbx10.pfb></Library/Application Support/MiKTeX/texmfs/install/fonts/type1/public/amsfonts/cm/cmbx12.pfb></Library/Application Support/MiKTeX/texmfs/install/fonts/type1/public/amsfonts/cm/cmex10.pfb></Library/Application Support/MiKTeX/texmfs/install/fonts/type1/public/amsfonts/cm/cmmi12.pfb></Library/Application Support/MiKTeX/texmfs/install/fonts/type1/public/amsfonts/cm/cmmi6.pfb></Library/Application Support/MiKTeX/texmfs/install/fonts/type1/public/amsfonts/cm/cmmi8.pfb></Library/Application Support/MiKTeX/texmfs/install/fonts/type1/public/amsfonts/cm/cmr10.pfb></Library/Application Support/MiKTeX/texmfs/install/fonts/type1/public/amsfonts/cm/cmr12.pfb></Library/Application Support/MiKTeX/texmfs/install/fonts/type1/public/amsfonts/cm/cmr17.pfb></Library/Application Support/MiKTeX/texmfs/install/fonts/type1/public/amsfonts/cm/cmr6.pfb></Library/Application Support/MiKTeX/texmfs/install/fonts/type1/public/amsfonts/cm/cmr8.pfb></Library/Application Support/MiKTeX/texmfs/install/fonts/type1/public/amsfonts/cm/cmsy10.pfb></Library/Application Support/MiKTeX/texmfs/install/fonts/type1/public/amsfonts/cm/cmsy8.pfb></Library/Application Support/MiKTeX/texmfs/install/fonts/type1/public/amsfonts/cm/cmti12.pfb></Library/Application Support/MiKTeX/texmfs/install/fonts/type1/public/amsfonts/symbols/msbm10.pfb>
Output written on Exposition.pdf (17 pages, 338196 bytes).
PDF statistics:
 147 PDF objects out of 1000 (max. 8388607)
 0 named destinations out of 1000 (max. 500000)
 36 words of extra memory for PDF output out of 10000 (max. 10000000)

